# JRE version: OpenJDK Runtime Environment (17.0.6) (build 17.0.6+0-b2043.56-10027231)
# Java VM: OpenJDK 64-Bit Server VM (17.0.6+0-b2043.56-10027231, mixed mode, tiered, compressed oops, compressed class ptrs, g1 gc, windows-amd64)
GC Precious Log:
 CPUs: 4 total, 4 available
 Memory: 6020M
 Large Page Support: Disabled
 NUMA Support: Disabled
 Compressed Oops: Enabled (32-bit)
 Heap Region Size: 1M
 Heap Min Capacity: 8M
 Heap Initial Capacity: 96M
 Heap Max Capacity: 2G
 Pre-touch: Disabled
 Parallel Workers: 4
 Concurrent Workers: 1
 Concurrent Refinement Workers: 4
 Periodic GC: Disabled
Heap:
 garbage-first heap   total 434176K, used 320512K [0x0000000080000000, 0x0000000100000000)
  region size 1024K, 8 young (8192K), 8 survivors (8192K)
 Metaspace       used 134878K, committed 135808K, reserved 1171456K
  class space    used 17518K, committed 17984K, reserved 1048576K
GC Heap History (20 events):
Event: 264.047 GC heap after
{Heap after GC invocations=50 (full 0):
 garbage-first heap   total 290816K, used 182784K [0x0000000080000000, 0x0000000100000000)
  region size 1024K, 8 young (8192K), 8 survivors (8192K)
 Metaspace       used 121375K, committed 122304K, reserved 1163264K
  class space    used 15738K, committed 16192K, reserved 1048576K
}
Event: 265.951 GC heap before
{Heap before GC invocations=51 (full 0):
 garbage-first heap   total 314368K, used 228864K [0x0000000080000000, 0x0000000100000000)
  region size 1024K, 60 young (61440K), 8 survivors (8192K)
 Metaspace       used 123598K, committed 124480K, reserved 1163264K
  class space    used 15932K, committed 16384K, reserved 1048576K
}
Event: 265.968 GC heap after
{Heap after GC invocations=52 (full 0):
 garbage-first heap   total 314368K, used 183685K [0x0000000080000000, 0x0000000100000000)
  region size 1024K, 8 young (8192K), 8 survivors (8192K)
 Metaspace       used 123598K, committed 124480K, reserved 1163264K
  class space    used 15932K, committed 16384K, reserved 1048576K
}
Event: 266.088 GC heap before
{Heap before GC invocations=52 (full 0):
 garbage-first heap   total 314368K, used 190853K [0x0000000080000000, 0x0000000100000000)
  region size 1024K, 15 young (15360K), 8 survivors (8192K)
 Metaspace       used 123720K, committed 124672K, reserved 1163264K
  class space    used 15943K, committed 16448K, reserved 1048576K
}
Event: 266.111 GC heap after
{Heap after GC invocations=53 (full 0):
 garbage-first heap   total 314368K, used 166318K [0x0000000080000000, 0x0000000100000000)
  region size 1024K, 2 young (2048K), 2 survivors (2048K)
 Metaspace       used 123720K, committed 124672K, reserved 1163264K
  class space    used 15943K, committed 16448K, reserved 1048576K
}
Event: 268.473 GC heap before
{Heap before GC invocations=53 (full 0):
 garbage-first heap   total 314368K, used 244142K [0x0000000080000000, 0x0000000100000000)
  region size 1024K, 77 young (78848K), 2 survivors (2048K)
 Metaspace       used 125424K, committed 126336K, reserved 1163264K
  class space    used 16105K, committed 16576K, reserved 1048576K
}
Event: 268.483 GC heap after
{Heap after GC invocations=54 (full 0):
 garbage-first heap   total 314368K, used 167483K [0x0000000080000000, 0x0000000100000000)
  region size 1024K, 4 young (4096K), 4 survivors (4096K)
 Metaspace       used 125424K, committed 126336K, reserved 1163264K
  class space    used 16105K, committed 16576K, reserved 1048576K
}
Event: 272.620 GC heap before
{Heap before GC invocations=54 (full 0):
 garbage-first heap   total 314368K, used 249403K [0x0000000080000000, 0x0000000100000000)
  region size 1024K, 83 young (84992K), 4 survivors (4096K)
 Metaspace       used 128333K, committed 129344K, reserved 1163264K
  class space    used 16455K, committed 16960K, reserved 1048576K
}
Event: 272.638 GC heap after
{Heap after GC invocations=55 (full 0):
 garbage-first heap   total 314368K, used 170390K [0x0000000080000000, 0x0000000100000000)
  region size 1024K, 6 young (6144K), 6 survivors (6144K)
 Metaspace       used 128333K, committed 129344K, reserved 1163264K
  class space    used 16455K, committed 16960K, reserved 1048576K
}
Event: 274.872 GC heap before
{Heap before GC invocations=55 (full 0):
 garbage-first heap   total 314368K, used 218518K [0x0000000080000000, 0x0000000100000000)
  region size 1024K, 32 young (32768K), 6 survivors (6144K)
 Metaspace       used 131443K, committed 132416K, reserved 1171456K
  class space    used 16901K, committed 17408K, reserved 1048576K
}
Event: 274.891 GC heap after
{Heap after GC invocations=56 (full 0):
 garbage-first heap   total 314368K, used 206426K [0x0000000080000000, 0x0000000100000000)
  region size 1024K, 11 young (11264K), 11 survivors (11264K)
 Metaspace       used 131443K, committed 132416K, reserved 1171456K
  class space    used 16901K, committed 17408K, reserved 1048576K
}
Event: 275.526 GC heap before
{Heap before GC invocations=57 (full 0):
 garbage-first heap   total 434176K, used 269914K [0x0000000080000000, 0x0000000100000000)
  region size 1024K, 54 young (55296K), 11 survivors (11264K)
 Metaspace       used 131782K, committed 132736K, reserved 1171456K
  class space    used 16948K, committed 17408K, reserved 1048576K
}
Event: 275.562 GC heap after
{Heap after GC invocations=58 (full 0):
 garbage-first heap   total 434176K, used 213997K [0x0000000080000000, 0x0000000100000000)
  region size 1024K, 7 young (7168K), 7 survivors (7168K)
 Metaspace       used 131782K, committed 132736K, reserved 1171456K
  class space    used 16948K, committed 17408K, reserved 1048576K
}
Event: 275.722 GC heap before
{Heap before GC invocations=58 (full 0):
 garbage-first heap   total 434176K, used 227309K [0x0000000080000000, 0x0000000100000000)
  region size 1024K, 21 young (21504K), 7 survivors (7168K)
 Metaspace       used 131782K, committed 132736K, reserved 1171456K
  class space    used 16948K, committed 17408K, reserved 1048576K
}
Event: 275.741 GC heap after
{Heap after GC invocations=59 (full 0):
 garbage-first heap   total 434176K, used 209354K [0x0000000080000000, 0x0000000100000000)
  region size 1024K, 3 young (3072K), 3 survivors (3072K)
 Metaspace       used 131782K, committed 132736K, reserved 1171456K
  class space    used 16948K, committed 17408K, reserved 1048576K
}
Event: 278.712 GC heap before
{Heap before GC invocations=59 (full 0):
 garbage-first heap   total 434176K, used 333258K [0x0000000080000000, 0x0000000100000000)
  region size 1024K, 119 young (121856K), 3 survivors (3072K)
 Metaspace       used 134757K, committed 135744K, reserved 1171456K
  class space    used 17507K, committed 17984K, reserved 1048576K
}
Event: 278.836 GC heap after
{Heap after GC invocations=60 (full 0):
 garbage-first heap   total 434176K, used 258651K [0x0000000080000000, 0x0000000100000000)
  region size 1024K, 15 young (15360K), 15 survivors (15360K)
 Metaspace       used 134757K, committed 135744K, reserved 1171456K
  class space    used 17507K, committed 17984K, reserved 1048576K
}
Event: 279.500 GC heap before
{Heap before GC invocations=60 (full 0):
 garbage-first heap   total 434176K, used 332379K [0x0000000080000000, 0x0000000100000000)
  region size 1024K, 88 young (90112K), 15 survivors (15360K)
 Metaspace       used 134874K, committed 135808K, reserved 1171456K
  class space    used 17518K, committed 17984K, reserved 1048576K
}
Event: 279.656 GC heap after
{Heap after GC invocations=61 (full 0):
 garbage-first heap   total 434176K, used 296448K [0x0000000080000000, 0x0000000100000000)
  region size 1024K, 11 young (11264K), 11 survivors (11264K)
 Metaspace       used 134874K, committed 135808K, reserved 1171456K
  class space    used 17518K, committed 17984K, reserved 1048576K
}
Event: 280.077 GC heap before
{Heap before GC invocations=61 (full 0):
 garbage-first heap   total 434176K, used 343552K [0x0000000080000000, 0x0000000100000000)
  region size 1024K, 57 young (58368K), 11 survivors (11264K)
 Metaspace       used 134878K, committed 135808K, reserved 1171456K
  class space    used 17518K, committed 17984K, reserved 1048576K
}

